# Logfile created on 2014-06-07 12:38:55 -0700 by logger.rb/31641
I, [2014-06-07T12:38:55.705759 #75473]  INFO -- : 0:  rake (10.1.0) from /Users/bootcoder/.rvm/gems/ruby-1.9.3-p484/specifications/rake-10.1.0.gemspec
I, [2014-06-07T12:38:56.600255 #75473]  INFO -- : 0:  i18n (0.6.1) from /Users/bootcoder/.rvm/gems/ruby-1.9.3-p484/specifications/i18n-0.6.1.gemspec
I, [2014-06-07T12:38:57.420554 #75473]  INFO -- : 0:  multi_json (1.6.1) from /Users/bootcoder/.rvm/gems/ruby-1.9.3-p484/specifications/multi_json-1.6.1.gemspec
I, [2014-06-07T12:39:00.408542 #75473]  INFO -- : 0:  activesupport (3.2.12) from /Users/bootcoder/.rvm/gems/ruby-1.9.3-p484/specifications/activesupport-3.2.12.gemspec
I, [2014-06-07T12:39:00.409620 #75473]  INFO -- : 0:  builder (3.0.4) from /Users/bootcoder/.rvm/gems/ruby-1.9.3-p484@global/specifications/builder-3.0.4.gemspec
I, [2014-06-07T12:39:01.487561 #75473]  INFO -- : 0:  activemodel (3.2.12) from /Users/bootcoder/.rvm/gems/ruby-1.9.3-p484/specifications/activemodel-3.2.12.gemspec
I, [2014-06-07T12:39:02.436683 #75473]  INFO -- : 0:  arel (3.0.2) from /Users/bootcoder/.rvm/gems/ruby-1.9.3-p484/specifications/arel-3.0.2.gemspec
I, [2014-06-07T12:39:04.566128 #75473]  INFO -- : 0:  tzinfo (0.3.35) from /Users/bootcoder/.rvm/gems/ruby-1.9.3-p484/specifications/tzinfo-0.3.35.gemspec
I, [2014-06-07T12:39:07.270668 #75473]  INFO -- : 0:  activerecord (3.2.12) from /Users/bootcoder/.rvm/gems/ruby-1.9.3-p484/specifications/activerecord-3.2.12.gemspec
I, [2014-06-07T12:39:08.592114 #75473]  INFO -- : 0:  backports (3.3.3) from /Users/bootcoder/.rvm/gems/ruby-1.9.3-p484/specifications/backports-3.3.3.gemspec
I, [2014-06-07T12:39:09.873583 #75473]  INFO -- : 0:  mime-types (2.1) from /Users/bootcoder/.rvm/gems/ruby-1.9.3-p484/specifications/mime-types-2.1.gemspec
I, [2014-06-07T12:39:10.500506 #75473]  INFO -- : 0:  mini_portile (0.5.1) from /Users/bootcoder/.rvm/gems/ruby-1.9.3-p484/specifications/mini_portile-0.5.1.gemspec
I, [2014-06-07T12:41:38.599498 #75473]  INFO -- : 0:  nokogiri (1.6.0) from /Users/bootcoder/.rvm/gems/ruby-1.9.3-p484/specifications/nokogiri-1.6.0.gemspec
I, [2014-06-07T12:41:40.514643 #75473]  INFO -- : 0:  rack (1.5.2) from /Users/bootcoder/.rvm/gems/ruby-1.9.3-p484/specifications/rack-1.5.2.gemspec
I, [2014-06-07T12:41:40.515657 #75473]  INFO -- : 0:  rack-test (0.6.2) from /Users/bootcoder/.rvm/gems/ruby-1.9.3-p484@global/specifications/rack-test-0.6.2.gemspec
I, [2014-06-07T12:41:41.229976 #75473]  INFO -- : 0:  xpath (2.0.0) from /Users/bootcoder/.rvm/gems/ruby-1.9.3-p484/specifications/xpath-2.0.0.gemspec
I, [2014-06-07T12:41:42.770682 #75473]  INFO -- : 0:  capybara (2.1.0) from /Users/bootcoder/.rvm/gems/ruby-1.9.3-p484/specifications/capybara-2.1.0.gemspec
I, [2014-06-07T12:41:44.878412 #75473]  INFO -- : 0:  coderay (1.1.0) from /Users/bootcoder/.rvm/gems/ruby-1.9.3-p484/specifications/coderay-1.1.0.gemspec
I, [2014-06-07T12:41:45.639992 #75473]  INFO -- : 0:  daemons (1.1.9) from /Users/bootcoder/.rvm/gems/ruby-1.9.3-p484/specifications/daemons-1.1.9.gemspec
I, [2014-06-07T12:41:49.649257 #75473]  INFO -- : 0:  diff-lcs (1.2.4) from /Users/bootcoder/.rvm/gems/ruby-1.9.3-p484/specifications/diff-lcs-1.2.4.gemspec
I, [2014-06-07T12:42:05.353041 #75473]  INFO -- : 0:  eventmachine (1.0.3) from /Users/bootcoder/.rvm/gems/ruby-1.9.3-p484/specifications/eventmachine-1.0.3.gemspec
I, [2014-06-07T12:42:12.003534 #75473]  INFO -- : 0:  factory_girl (4.2.0) from /Users/bootcoder/.rvm/gems/ruby-1.9.3-p484/specifications/factory_girl-4.2.0.gemspec
I, [2014-06-07T12:42:13.448523 #75473]  INFO -- : 0:  faker (1.1.2) from /Users/bootcoder/.rvm/gems/ruby-1.9.3-p484/specifications/faker-1.1.2.gemspec
I, [2014-06-07T12:42:14.096510 #75473]  INFO -- : 0:  method_source (0.8.2) from /Users/bootcoder/.rvm/gems/ruby-1.9.3-p484/specifications/method_source-0.8.2.gemspec
I, [2014-06-07T12:42:19.215491 #75473]  INFO -- : 0:  pg (0.14.1) from /Users/bootcoder/.rvm/gems/ruby-1.9.3-p484/specifications/pg-0.14.1.gemspec
I, [2014-06-07T12:42:19.999920 #75473]  INFO -- : 0:  slop (3.5.0) from /Users/bootcoder/.rvm/gems/ruby-1.9.3-p484/specifications/slop-3.5.0.gemspec
I, [2014-06-07T12:42:21.103131 #75473]  INFO -- : 0:  pry (0.9.12.6) from /Users/bootcoder/.rvm/gems/ruby-1.9.3-p484/specifications/pry-0.9.12.6.gemspec
I, [2014-06-07T12:42:21.763741 #75473]  INFO -- : 0:  pry-nav (0.2.3) from /Users/bootcoder/.rvm/gems/ruby-1.9.3-p484/specifications/pry-nav-0.2.3.gemspec
I, [2014-06-07T12:42:24.101065 #75473]  INFO -- : 0:  rack-protection (1.5.0) from /Users/bootcoder/.rvm/gems/ruby-1.9.3-p484/specifications/rack-protection-1.5.0.gemspec
I, [2014-06-07T12:42:25.777755 #75473]  INFO -- : 0:  rspec-core (2.14.5) from /Users/bootcoder/.rvm/gems/ruby-1.9.3-p484/specifications/rspec-core-2.14.5.gemspec
I, [2014-06-07T12:42:26.796876 #75473]  INFO -- : 0:  rspec-expectations (2.14.2) from /Users/bootcoder/.rvm/gems/ruby-1.9.3-p484/specifications/rspec-expectations-2.14.2.gemspec
I, [2014-06-07T12:42:27.674096 #75473]  INFO -- : 0:  rspec-mocks (2.14.3) from /Users/bootcoder/.rvm/gems/ruby-1.9.3-p484/specifications/rspec-mocks-2.14.3.gemspec
I, [2014-06-07T12:42:27.675104 #75473]  INFO -- : 0:  rspec (2.14.1) from /Users/bootcoder/.rvm/gems/ruby-1.9.3-p484@global/specifications/rspec-2.14.1.gemspec
I, [2014-06-07T12:42:28.448708 #75473]  INFO -- : 0:  shotgun (0.9) from /Users/bootcoder/.rvm/gems/ruby-1.9.3-p484/specifications/shotgun-0.9.gemspec
I, [2014-06-07T12:42:29.685611 #75473]  INFO -- : 0:  shoulda-matchers (2.3.0) from /Users/bootcoder/.rvm/gems/ruby-1.9.3-p484/specifications/shoulda-matchers-2.3.0.gemspec
I, [2014-06-07T12:42:29.686598 #75473]  INFO -- : 0:  tilt (1.4.1) from /Users/bootcoder/.rvm/gems/ruby-1.9.3-p484@global/specifications/tilt-1.4.1.gemspec
I, [2014-06-07T12:42:31.499441 #75473]  INFO -- : 0:  sinatra (1.4.3) from /Users/bootcoder/.rvm/gems/ruby-1.9.3-p484/specifications/sinatra-1.4.3.gemspec
I, [2014-06-07T12:42:34.505649 #75473]  INFO -- : 0:  sinatra-contrib (1.4.1) from /Users/bootcoder/.rvm/gems/ruby-1.9.3-p484/specifications/sinatra-contrib-1.4.1.gemspec
I, [2014-06-07T12:42:36.014723 #75473]  INFO -- : 0:  thin (1.5.0) from /Users/bootcoder/.rvm/gems/ruby-1.9.3-p484/specifications/thin-1.5.0.gemspec
I, [2014-06-07T12:42:36.015340 #75473]  INFO -- : 0:  bundler (1.5.1) from /Users/bootcoder/.rvm/gems/ruby-1.9.3-p484@global/specifications/bundler-1.5.1.gemspec
I, [2014-06-07T14:29:50.963655 #94215]  INFO -- : 0:  rake (10.1.0) from /Users/bootcoder/.rvm/gems/ruby-1.9.3-p484@rails3tutorial2ndEd/specifications/rake-10.1.0.gemspec
I, [2014-06-07T14:29:50.964381 #94215]  INFO -- : 0:  i18n (0.6.1) from /Users/bootcoder/.rvm/gems/ruby-1.9.3-p484@rails3tutorial2ndEd/specifications/i18n-0.6.1.gemspec
I, [2014-06-07T14:29:50.964920 #94215]  INFO -- : 0:  multi_json (1.6.1) from /Users/bootcoder/.rvm/gems/ruby-1.9.3-p484@rails3tutorial2ndEd/specifications/multi_json-1.6.1.gemspec
I, [2014-06-07T14:29:50.965412 #94215]  INFO -- : 0:  activesupport (3.2.12) from /Users/bootcoder/.rvm/gems/ruby-1.9.3-p484@rails3tutorial2ndEd/specifications/activesupport-3.2.12.gemspec
I, [2014-06-07T14:29:50.965978 #94215]  INFO -- : 0:  builder (3.0.4) from /Users/bootcoder/.rvm/gems/ruby-1.9.3-p484@global/specifications/builder-3.0.4.gemspec
I, [2014-06-07T14:29:50.966464 #94215]  INFO -- : 0:  activemodel (3.2.12) from /Users/bootcoder/.rvm/gems/ruby-1.9.3-p484@rails3tutorial2ndEd/specifications/activemodel-3.2.12.gemspec
I, [2014-06-07T14:29:50.966946 #94215]  INFO -- : 0:  arel (3.0.2) from /Users/bootcoder/.rvm/gems/ruby-1.9.3-p484@rails3tutorial2ndEd/specifications/arel-3.0.2.gemspec
I, [2014-06-07T14:29:50.967446 #94215]  INFO -- : 0:  tzinfo (0.3.35) from /Users/bootcoder/.rvm/gems/ruby-1.9.3-p484@rails3tutorial2ndEd/specifications/tzinfo-0.3.35.gemspec
I, [2014-06-07T14:29:50.967920 #94215]  INFO -- : 0:  activerecord (3.2.12) from /Users/bootcoder/.rvm/gems/ruby-1.9.3-p484@rails3tutorial2ndEd/specifications/activerecord-3.2.12.gemspec
I, [2014-06-07T14:29:54.432783 #94215]  INFO -- : 0:  backports (3.3.3) from /Users/bootcoder/.rvm/gems/ruby-1.9.3-p484@rails3tutorial2ndEd/specifications/backports-3.3.3.gemspec
I, [2014-06-07T14:29:56.500577 #94215]  INFO -- : 0:  mime-types (2.1) from /Users/bootcoder/.rvm/gems/ruby-1.9.3-p484@rails3tutorial2ndEd/specifications/mime-types-2.1.gemspec
I, [2014-06-07T14:29:57.485202 #94215]  INFO -- : 0:  mini_portile (0.5.1) from /Users/bootcoder/.rvm/gems/ruby-1.9.3-p484@rails3tutorial2ndEd/specifications/mini_portile-0.5.1.gemspec
I, [2014-06-07T14:29:57.486007 #94215]  INFO -- : 0:  nokogiri (1.6.0) from /Users/bootcoder/.rvm/gems/ruby-1.9.3-p484@rails3tutorial2ndEd/specifications/nokogiri-1.6.0.gemspec
I, [2014-06-07T14:29:57.486499 #94215]  INFO -- : 0:  rack (1.5.2) from /Users/bootcoder/.rvm/gems/ruby-1.9.3-p484@rails3tutorial2ndEd/specifications/rack-1.5.2.gemspec
I, [2014-06-07T14:29:57.487012 #94215]  INFO -- : 0:  rack-test (0.6.2) from /Users/bootcoder/.rvm/gems/ruby-1.9.3-p484@global/specifications/rack-test-0.6.2.gemspec
I, [2014-06-07T14:29:59.410994 #94215]  INFO -- : 0:  xpath (2.0.0) from /Users/bootcoder/.rvm/gems/ruby-1.9.3-p484@rails3tutorial2ndEd/specifications/xpath-2.0.0.gemspec
I, [2014-06-07T14:30:02.281729 #94215]  INFO -- : 0:  capybara (2.1.0) from /Users/bootcoder/.rvm/gems/ruby-1.9.3-p484@rails3tutorial2ndEd/specifications/capybara-2.1.0.gemspec
I, [2014-06-07T14:30:02.282599 #94215]  INFO -- : 0:  coderay (1.1.0) from /Users/bootcoder/.rvm/gems/ruby-1.9.3-p484@rails3tutorial2ndEd/specifications/coderay-1.1.0.gemspec
I, [2014-06-07T14:30:02.283072 #94215]  INFO -- : 0:  daemons (1.1.9) from /Users/bootcoder/.rvm/gems/ruby-1.9.3-p484@rails3tutorial2ndEd/specifications/daemons-1.1.9.gemspec
I, [2014-06-07T14:30:03.322472 #94215]  INFO -- : 0:  diff-lcs (1.2.4) from /Users/bootcoder/.rvm/gems/ruby-1.9.3-p484@rails3tutorial2ndEd/specifications/diff-lcs-1.2.4.gemspec
I, [2014-06-07T14:30:03.323209 #94215]  INFO -- : 0:  eventmachine (1.0.3) from /Users/bootcoder/.rvm/gems/ruby-1.9.3-p484@rails3tutorial2ndEd/specifications/eventmachine-1.0.3.gemspec
I, [2014-06-07T14:30:04.621223 #94215]  INFO -- : 0:  factory_girl (4.2.0) from /Users/bootcoder/.rvm/gems/ruby-1.9.3-p484@rails3tutorial2ndEd/specifications/factory_girl-4.2.0.gemspec
I, [2014-06-07T14:30:04.621945 #94215]  INFO -- : 0:  faker (1.1.2) from /Users/bootcoder/.rvm/gems/ruby-1.9.3-p484@rails3tutorial2ndEd/specifications/faker-1.1.2.gemspec
I, [2014-06-07T14:30:04.622404 #94215]  INFO -- : 0:  method_source (0.8.2) from /Users/bootcoder/.rvm/gems/ruby-1.9.3-p484@rails3tutorial2ndEd/specifications/method_source-0.8.2.gemspec
I, [2014-06-07T14:30:11.289976 #94215]  INFO -- : 0:  pg (0.14.1) from /Users/bootcoder/.rvm/gems/ruby-1.9.3-p484@rails3tutorial2ndEd/specifications/pg-0.14.1.gemspec
I, [2014-06-07T14:30:11.291021 #94215]  INFO -- : 0:  slop (3.5.0) from /Users/bootcoder/.rvm/gems/ruby-1.9.3-p484@rails3tutorial2ndEd/specifications/slop-3.5.0.gemspec
I, [2014-06-07T14:30:11.291524 #94215]  INFO -- : 0:  pry (0.9.12.6) from /Users/bootcoder/.rvm/gems/ruby-1.9.3-p484@rails3tutorial2ndEd/specifications/pry-0.9.12.6.gemspec
I, [2014-06-07T14:30:12.489691 #94215]  INFO -- : 0:  pry-nav (0.2.3) from /Users/bootcoder/.rvm/gems/ruby-1.9.3-p484@rails3tutorial2ndEd/specifications/pry-nav-0.2.3.gemspec
I, [2014-06-07T14:30:14.177664 #94215]  INFO -- : 0:  rack-protection (1.5.0) from /Users/bootcoder/.rvm/gems/ruby-1.9.3-p484@rails3tutorial2ndEd/specifications/rack-protection-1.5.0.gemspec
I, [2014-06-07T14:30:15.928933 #94215]  INFO -- : 0:  rspec-core (2.14.5) from /Users/bootcoder/.rvm/gems/ruby-1.9.3-p484@rails3tutorial2ndEd/specifications/rspec-core-2.14.5.gemspec
I, [2014-06-07T14:30:17.935634 #94215]  INFO -- : 0:  rspec-expectations (2.14.2) from /Users/bootcoder/.rvm/gems/ruby-1.9.3-p484@rails3tutorial2ndEd/specifications/rspec-expectations-2.14.2.gemspec
I, [2014-06-07T14:30:19.434301 #94215]  INFO -- : 0:  rspec-mocks (2.14.3) from /Users/bootcoder/.rvm/gems/ruby-1.9.3-p484@rails3tutorial2ndEd/specifications/rspec-mocks-2.14.3.gemspec
I, [2014-06-07T14:30:19.435015 #94215]  INFO -- : 0:  rspec (2.14.1) from /Users/bootcoder/.rvm/gems/ruby-1.9.3-p484@rails3tutorial2ndEd/specifications/rspec-2.14.1.gemspec
I, [2014-06-07T14:30:19.435448 #94215]  INFO -- : 0:  shotgun (0.9) from /Users/bootcoder/.rvm/gems/ruby-1.9.3-p484@rails3tutorial2ndEd/specifications/shotgun-0.9.gemspec
I, [2014-06-07T14:30:21.010308 #94215]  INFO -- : 0:  shoulda-matchers (2.3.0) from /Users/bootcoder/.rvm/gems/ruby-1.9.3-p484@rails3tutorial2ndEd/specifications/shoulda-matchers-2.3.0.gemspec
I, [2014-06-07T14:30:21.011018 #94215]  INFO -- : 0:  tilt (1.4.1) from /Users/bootcoder/.rvm/gems/ruby-1.9.3-p484@global/specifications/tilt-1.4.1.gemspec
I, [2014-06-07T14:30:34.247845 #94215]  INFO -- : 0:  sinatra (1.4.3) from /Users/bootcoder/.rvm/gems/ruby-1.9.3-p484@rails3tutorial2ndEd/specifications/sinatra-1.4.3.gemspec
I, [2014-06-07T14:30:35.281582 #94215]  INFO -- : 0:  sinatra-contrib (1.4.1) from /Users/bootcoder/.rvm/gems/ruby-1.9.3-p484@rails3tutorial2ndEd/specifications/sinatra-contrib-1.4.1.gemspec
I, [2014-06-07T14:30:37.538455 #94215]  INFO -- : 0:  thin (1.5.0) from /Users/bootcoder/.rvm/gems/ruby-1.9.3-p484@rails3tutorial2ndEd/specifications/thin-1.5.0.gemspec
I, [2014-06-07T14:30:37.539173 #94215]  INFO -- : 0:  bundler (1.5.1) from /Users/bootcoder/.rvm/gems/ruby-1.9.3-p484@global/specifications/bundler-1.5.1.gemspec
